<?xml version="1.0" encoding="UTF-8"?>
<!-- Generated by org.testng.reporters.JUnitXMLReporter -->
<testsuite ignored="0" hostname="DESKTOP-86CSM53" failures="2" tests="2" name="Validating User login" time="27.321" errors="0" timestamp="2022-02-21T14:28:53 GMT+01:00">
  <testcase classname="cucumber.api.testng.AbstractTestNGCucumberTests" name="feature" time="26.907">
    <failure type="cucumber.runtime.CucumberException" message="java.lang.NullPointerException: Cannot invoke &amp;quot;org.openqa.selenium.WebElement.isDisplayed()&amp;quot; because the return value of &amp;quot;pageObjects.portalHomePage.getSearchBox()&amp;quot; is null">
      <![CDATA[cucumber.runtime.CucumberException: java.lang.NullPointerException: Cannot invoke "org.openqa.selenium.WebElement.isDisplayed()" because the return value of "pageObjects.portalHomePage.getSearchBox()" is null
at cucumber.api.testng.TestNGCucumberRunner.runCucumber(TestNGCucumberRunner.java:69)
at cucumber.api.testng.AbstractTestNGCucumberTests.feature(AbstractTestNGCucumberTests.java:21)
at java.base/java.util.ArrayList.forEach(ArrayList.java:1511)
Caused by: java.lang.NullPointerException: Cannot invoke "org.openqa.selenium.WebElement.isDisplayed()" because the return value of "pageObjects.portalHomePage.getSearchBox()" is null
at stepDefinations.stepDefination.verify_that_user_is_succesfully_logged_in(stepDefination.java:45)
at ✽.Then Verify that user is succesfully logged in(login.feature:8)
... Removed 27 stack frames]]>
    </failure>
  </testcase> <!-- feature -->
  <testcase classname="cucumber.api.testng.AbstractTestNGCucumberTests" name="feature" time="27.008">
    <failure type="java.lang.NullPointerException" message="Cannot invoke &amp;quot;org.openqa.selenium.TakesScreenshot.getScreenshotAs(org.openqa.selenium.OutputType)&amp;quot; because &amp;quot;this.driver&amp;quot; is null">
      <![CDATA[java.lang.NullPointerException: Cannot invoke "org.openqa.selenium.TakesScreenshot.getScreenshotAs(org.openqa.selenium.OutputType)" because "this.driver" is null
at resources.base.getScreenshot(base.java:56)
at Academy.listeners.onTestFailure(listeners.java:33)
at java.base/java.util.ArrayList.forEach(ArrayList.java:1511)
... Removed 24 stack frames]]>
    </failure>
  </testcase> <!-- feature -->
</testsuite> <!-- Validating User login -->
